{
  "RSpec": {
    "coverage": {
      "/Users/yaojie/Work/smart-events/config/environment.rb": [
        null,
        1,
        null,
        null,
        1
      ],
      "/Users/yaojie/Work/smart-events/config/application.rb": [
        1,
        null,
        1,
        null,
        null,
        null,
        1,
        null,
        1,
        1,
        null,
        1,
        null,
        null,
        null,
        null,
        null,
        null
      ],
      "/Users/yaojie/Work/smart-events/config/boot.rb": [
        1,
        null,
        1
      ],
      "/Users/yaojie/Work/smart-events/config/environments/test.rb": [
        1,
        null,
        null,
        null,
        null,
        null,
        null,
        1,
        null,
        null,
        null,
        null,
        1,
        null,
        null,
        1,
        1,
        null,
        null,
        null,
        null,
        1,
        1,
        null,
        null,
        1,
        null,
        null,
        1,
        1,
        null,
        null,
        null,
        null,
        1,
        null,
        null,
        1,
        null,
        null,
        null,
        null
      ],
      "/Users/yaojie/Work/smart-events/config/initializers/application_controller_renderer.rb": [
        null,
        null,
        null,
        null,
        null,
        null,
        null,
        null
      ],
      "/Users/yaojie/Work/smart-events/config/initializers/assets.rb": [
        null,
        null,
        null,
        1,
        null,
        null,
        null,
        null,
        1,
        null,
        null,
        null,
        null,
        null
      ],
      "/Users/yaojie/Work/smart-events/config/initializers/backtrace_silencers.rb": [
        null,
        null,
        null,
        null,
        null,
        null,
        null
      ],
      "/Users/yaojie/Work/smart-events/config/initializers/constants.rb": [
        1,
        1,
        1,
        1,
        null,
        null
      ],
      "/Users/yaojie/Work/smart-events/config/initializers/cookies_serializer.rb": [
        null,
        null,
        null,
        null,
        1
      ],
      "/Users/yaojie/Work/smart-events/config/initializers/filter_parameter_logging.rb": [
        null,
        null,
        null,
        1
      ],
      "/Users/yaojie/Work/smart-events/config/initializers/friendly_id.rb": [
        null,
        null,
        null,
        null,
        null,
        null,
        null,
        null,
        null,
        null,
        null,
        1,
        null,
        null,
        null,
        null,
        1,
        null,
        1,
        null,
        null,
        null,
        null,
        null,
        null,
        null,
        null,
        null,
        null,
        null,
        null,
        null,
        null,
        null,
        null,
        null,
        null,
        null,
        null,
        null,
        null,
        null,
        null,
        null,
        null,
        null,
        null,
        null,
        null,
        null,
        null,
        null,
        null,
        null,
        null,
        null,
        null,
        null,
        null,
        null,
        null,
        null,
        null,
        null,
        null,
        null,
        null,
        null,
        null,
        null,
        null,
        null,
        null,
        null,
        null,
        null,
        null,
        null,
        null,
        null,
        null,
        null,
        null,
        null,
        null,
        null,
        null,
        null
      ],
      "/Users/yaojie/Work/smart-events/config/initializers/inflections.rb": [
        null,
        null,
        null,
        null,
        null,
        null,
        null,
        null,
        null,
        null,
        null,
        null,
        null,
        null,
        null,
        null
      ],
      "/Users/yaojie/Work/smart-events/config/initializers/mime_types.rb": [
        null,
        null,
        null,
        null
      ],
      "/Users/yaojie/Work/smart-events/config/initializers/wrap_parameters.rb": [
        null,
        null,
        null,
        null,
        null,
        null,
        1,
        2,
        null,
        null,
        null,
        null,
        null,
        null
      ],
      "/Users/yaojie/Work/smart-events/spec/factories/locations.rb": [
        1,
        1,
        1,
        1,
        1,
        1,
        1,
        null,
        null
      ],
      "/Users/yaojie/Work/smart-events/spec/factories/subjects.rb": [
        1,
        1,
        1,
        1,
        3,
        1,
        1,
        1,
        1,
        1,
        1,
        null,
        null,
        null
      ],
      "/Users/yaojie/Work/smart-events/spec/factories/users.rb": [
        1,
        1,
        5,
        1,
        1,
        null,
        1,
        1,
        null,
        null,
        1,
        1,
        null,
        null,
        1,
        1,
        null,
        null,
        null,
        null
      ],
      "/Users/yaojie/Work/smart-events/app/models/student.rb": [
        1,
        1,
        1,
        1,
        null,
        1,
        1,
        null
      ],
      "/Users/yaojie/Work/smart-events/app/models/user.rb": [
        1,
        1,
        1,
        null,
        1,
        null,
        1,
        1,
        9,
        null,
        1,
        0,
        null,
        null,
        1,
        0,
        null,
        null,
        1,
        0,
        null,
        null,
        1,
        0,
        null,
        null,
        null
      ],
      "/Users/yaojie/Work/smart-events/app/models/application_record.rb": [
        1,
        1,
        null,
        null
      ],
      "/Users/yaojie/Work/smart-events/app/models/instructor.rb": [
        1,
        null,
        1,
        1,
        1,
        null,
        1,
        null,
        null
      ],
      "/Users/yaojie/Work/smart-events/app/models/coordinator.rb": [
        1,
        null
      ],
      "/Users/yaojie/Work/smart-events/config/routes.rb": [
        1,
        null,
        1,
        null,
        1,
        1,
        1,
        null,
        null,
        1,
        1,
        null,
        1,
        1,
        null,
        null,
        1,
        1,
        null,
        null,
        1,
        1,
        null,
        null,
        1,
        1,
        null,
        null,
        null
      ],
      "/Users/yaojie/Work/smart-events/app/helpers/application_helper.rb": [
        1,
        null
      ],
      "/Users/yaojie/Work/smart-events/app/helpers/sidebar_helper.rb": [
        1,
        1,
        0,
        0,
        null,
        0,
        null,
        null,
        null
      ],
      "/Users/yaojie/Work/smart-events/spec/features/student_spec.rb": [
        1,
        null,
        1,
        1,
        1,
        null,
        1,
        1,
        1,
        0,
        0,
        null,
        0,
        0,
        0,
        null,
        null
      ],
      "/Users/yaojie/Work/smart-events/spec/features/subject_spec.rb": [
        1,
        null
      ],
      "/Users/yaojie/Work/smart-events/spec/models/instructor_spec.rb": [
        1,
        null,
        1,
        2,
        2,
        2,
        null,
        2,
        2,
        2,
        null,
        null
      ],
      "/Users/yaojie/Work/smart-events/spec/models/lesson_spec.rb": [
        1,
        null,
        1,
        null,
        2,
        null,
        1,
        2,
        null,
        null,
        null,
        null
      ],
      "/Users/yaojie/Work/smart-events/app/models/lesson.rb": [
        1,
        1,
        1,
        1,
        null,
        1,
        null,
        1,
        null,
        null
      ],
      "/Users/yaojie/Work/smart-events/spec/models/location_spec.rb": [
        1,
        null,
        1,
        2,
        2,
        null,
        2,
        null,
        1,
        1,
        1,
        null,
        null
      ],
      "/Users/yaojie/Work/smart-events/app/models/location.rb": [
        1,
        null,
        1,
        1,
        null,
        null,
        null
      ],
      "/Users/yaojie/Work/smart-events/spec/models/student_spec.rb": [
        1,
        null,
        1,
        2,
        2,
        null
      ],
      "/Users/yaojie/Work/smart-events/spec/models/subject_spec.rb": [
        1,
        null,
        1,
        2,
        2,
        2,
        2,
        null,
        1,
        2,
        1,
        1,
        null,
        null,
        null,
        1,
        2,
        1,
        1,
        null,
        null,
        null
      ],
      "/Users/yaojie/Work/smart-events/app/models/subject.rb": [
        1,
        1,
        null,
        1,
        1,
        1,
        null,
        1,
        null,
        1,
        1,
        null,
        1,
        0,
        null,
        null,
        1,
        0,
        null,
        null,
        null,
        1,
        0,
        null,
        null,
        1,
        0,
        null,
        null,
        1,
        4,
        2,
        0,
        null,
        null,
        null,
        null
      ],
      "/Users/yaojie/Work/smart-events/spec/models/user_spec.rb": [
        1,
        null,
        1,
        2,
        null,
        1,
        2,
        2,
        2,
        null,
        1,
        1,
        1,
        1,
        null,
        null,
        null
      ],
      "/Users/yaojie/Work/smart-events/spec/routing/user_spec.rb": [
        1
      ],
      "/Users/yaojie/Work/smart-events/app/controllers/sessions_controller.rb": [
        1,
        null,
        1,
        1,
        0,
        null,
        1,
        null,
        null,
        null,
        1,
        0,
        0,
        null,
        null,
        0,
        0,
        null,
        null,
        0,
        null,
        null,
        null,
        1,
        0,
        0,
        null,
        null,
        1,
        1,
        null,
        0,
        0,
        null,
        null,
        0,
        null,
        null,
        1,
        0,
        null,
        null
      ],
      "/Users/yaojie/Work/smart-events/app/controllers/application_controller.rb": [
        1,
        1,
        1,
        null,
        1,
        2,
        null,
        null,
        1,
        0,
        null,
        null,
        1,
        0,
        null,
        null,
        null
      ],
      "/Users/yaojie/Work/smart-events/app/models/session.rb": [
        1,
        1,
        1,
        1,
        null
      ]
    },
    "timestamp": 1520861619
  }
}
